<?xml version="1.0" encoding="UTF-8"?>
<!-- Generated by org.testng.reporters.JUnitReportReporter -->
<testsuite skipped="1" hostname="DESKTOP-GISL81C" name="TestCases.Test_User_Role" tests="2" failures="0" timestamp="2021-05-29T15:48:55 IST" time="4.127" errors="1">
  <testcase name="launchbrowser" time="4.127" classname="TestCases.Test_User_Role">
    <error type="org.openqa.selenium.SessionNotCreatedException" message="session not created: This version of ChromeDriver only supports Chrome version 88
Current browser version is 90.0.4430.212 with binary path C:\Program Files\Google\Chrome\Application\chrome.exe
Build info: version: &#039;3.141.59&#039;, revision: &#039;e82be7d358&#039;, time: &#039;2018-11-14T08:17:03&#039;
System info: host: &#039;DESKTOP-GISL81C&#039;, ip: &#039;192.168.29.223&#039;, os.name: &#039;Windows 10&#039;, os.arch: &#039;amd64&#039;, os.version: &#039;10.0&#039;, java.version: &#039;1.8.0_281&#039;
Driver info: driver.version: ChromeDriver
remote stacktrace: Backtrace:
	GetHandleVerifier [0x008CB963+483]
	GetHandleVerifier [0x008CB941+449]
	GetHandleVerifier [0x00C73308+3832712]
	GetHandleVerifier [0x00C8D69A+3940122]
	GetHandleVerifier [0x00C89AFB+3924859]
	GetHandleVerifier [0x00C87D9C+3917340]
	GetHandleVerifier [0x00CAE7FE+4075646]
	GetHandleVerifier [0x00CAE56C+4074988]
	GetHandleVerifier [0x00CAB2EB+4062059]
	GetHandleVerifier [0x00C8ED14+3945876]
	GetHandleVerifier [0x00C8FBCE+3949646]
	GetHandleVerifier [0x00C8FB59+3949529]
	Ordinal0 [0x0088B5CC+46540]
	Ordinal0 [0x00889F53+40787]
	Ordinal0 [0x00889B12+39698]
	GetHandleVerifier [0x00B91468+2907368]
	GetHandleVerifier [0x009D71EE+1096302]
	GetHandleVerifier [0x00993E8D+821005]
	GetHandleVerifier [0x0099396B+819691]
	GetHandleVerifier [0x00993881+819457]
	GetHandleVerifier [0x009BF463+998627]
	BaseThreadInitThunk [0x768AFA29+25]
	RtlGetAppContainerNamedObjectPath [0x77B87A7E+286]
	RtlGetAppContainerNamedObjectPath [0x77B87A4E+238]
">
      <![CDATA[org.openqa.selenium.SessionNotCreatedException: session not created: This version of ChromeDriver only supports Chrome version 88
Current browser version is 90.0.4430.212 with binary path C:\Program Files\Google\Chrome\Application\chrome.exe
Build info: version: '3.141.59', revision: 'e82be7d358', time: '2018-11-14T08:17:03'
System info: host: 'DESKTOP-GISL81C', ip: '192.168.29.223', os.name: 'Windows 10', os.arch: 'amd64', os.version: '10.0', java.version: '1.8.0_281'
Driver info: driver.version: ChromeDriver
remote stacktrace: Backtrace:
GetHandleVerifier [0x008CB963+483]
GetHandleVerifier [0x008CB941+449]
GetHandleVerifier [0x00C73308+3832712]
GetHandleVerifier [0x00C8D69A+3940122]
GetHandleVerifier [0x00C89AFB+3924859]
GetHandleVerifier [0x00C87D9C+3917340]
GetHandleVerifier [0x00CAE7FE+4075646]
GetHandleVerifier [0x00CAE56C+4074988]
GetHandleVerifier [0x00CAB2EB+4062059]
GetHandleVerifier [0x00C8ED14+3945876]
GetHandleVerifier [0x00C8FBCE+3949646]
GetHandleVerifier [0x00C8FB59+3949529]
Ordinal0 [0x0088B5CC+46540]
Ordinal0 [0x00889F53+40787]
Ordinal0 [0x00889B12+39698]
GetHandleVerifier [0x00B91468+2907368]
GetHandleVerifier [0x009D71EE+1096302]
GetHandleVerifier [0x00993E8D+821005]
GetHandleVerifier [0x0099396B+819691]
GetHandleVerifier [0x00993881+819457]
GetHandleVerifier [0x009BF463+998627]
BaseThreadInitThunk [0x768AFA29+25]
RtlGetAppContainerNamedObjectPath [0x77B87A7E+286]
RtlGetAppContainerNamedObjectPath [0x77B87A4E+238]

at sun.reflect.NativeConstructorAccessorImpl.newInstance0(Native Method)
at sun.reflect.NativeConstructorAccessorImpl.newInstance(NativeConstructorAccessorImpl.java:62)
at sun.reflect.DelegatingConstructorAccessorImpl.newInstance(DelegatingConstructorAccessorImpl.java:45)
at java.lang.reflect.Constructor.newInstance(Constructor.java:423)
at org.openqa.selenium.remote.W3CHandshakeResponse.lambda$errorHandler$0(W3CHandshakeResponse.java:62)
at org.openqa.selenium.remote.HandshakeResponse.lambda$getResponseFunction$0(HandshakeResponse.java:30)
at org.openqa.selenium.remote.ProtocolHandshake.lambda$createSession$0(ProtocolHandshake.java:126)
at java.util.stream.ReferencePipeline$3$1.accept(ReferencePipeline.java:193)
at java.util.Spliterators$ArraySpliterator.tryAdvance(Spliterators.java:958)
at java.util.stream.ReferencePipeline.forEachWithCancel(ReferencePipeline.java:126)
at java.util.stream.AbstractPipeline.copyIntoWithCancel(AbstractPipeline.java:499)
at java.util.stream.AbstractPipeline.copyInto(AbstractPipeline.java:486)
at java.util.stream.AbstractPipeline.wrapAndCopyInto(AbstractPipeline.java:472)
at java.util.stream.FindOps$FindOp.evaluateSequential(FindOps.java:152)
at java.util.stream.AbstractPipeline.evaluate(AbstractPipeline.java:234)
at java.util.stream.ReferencePipeline.findFirst(ReferencePipeline.java:464)
at org.openqa.selenium.remote.ProtocolHandshake.createSession(ProtocolHandshake.java:128)
at org.openqa.selenium.remote.ProtocolHandshake.createSession(ProtocolHandshake.java:74)
at org.openqa.selenium.remote.HttpCommandExecutor.execute(HttpCommandExecutor.java:136)
at org.openqa.selenium.remote.service.DriverCommandExecutor.execute(DriverCommandExecutor.java:83)
at org.openqa.selenium.remote.RemoteWebDriver.execute(RemoteWebDriver.java:552)
at org.openqa.selenium.remote.RemoteWebDriver.startSession(RemoteWebDriver.java:213)
at org.openqa.selenium.remote.RemoteWebDriver.<init>(RemoteWebDriver.java:131)
at org.openqa.selenium.chrome.ChromeDriver.<init>(ChromeDriver.java:181)
at org.openqa.selenium.chrome.ChromeDriver.<init>(ChromeDriver.java:168)
at org.openqa.selenium.chrome.ChromeDriver.<init>(ChromeDriver.java:123)
at CommonFunctions.commonfunctions.launchbrowser(commonfunctions.java:50)
at sun.reflect.NativeMethodAccessorImpl.invoke0(Native Method)
at sun.reflect.NativeMethodAccessorImpl.invoke(NativeMethodAccessorImpl.java:62)
at sun.reflect.DelegatingMethodAccessorImpl.invoke(DelegatingMethodAccessorImpl.java:43)
at java.lang.reflect.Method.invoke(Method.java:498)
at org.testng.internal.MethodInvocationHelper.invokeMethod(MethodInvocationHelper.java:132)
at org.testng.internal.MethodInvocationHelper.invokeMethodConsideringTimeout(MethodInvocationHelper.java:61)
at org.testng.internal.ConfigInvoker.invokeConfigurationMethod(ConfigInvoker.java:366)
at org.testng.internal.ConfigInvoker.invokeConfigurations(ConfigInvoker.java:320)
at org.testng.SuiteRunner.privateRun(SuiteRunner.java:327)
at org.testng.SuiteRunner.run(SuiteRunner.java:286)
at org.testng.SuiteRunnerWorker.runSuite(SuiteRunnerWorker.java:53)
at org.testng.SuiteRunnerWorker.run(SuiteRunnerWorker.java:96)
at org.testng.TestNG.runSuitesSequentially(TestNG.java:1218)
at org.testng.TestNG.runSuitesLocally(TestNG.java:1140)
at org.testng.TestNG.runSuites(TestNG.java:1069)
at org.testng.TestNG.run(TestNG.java:1037)
at org.testng.remote.AbstractRemoteTestNG.run(AbstractRemoteTestNG.java:115)
at org.testng.remote.RemoteTestNG.initAndRun(RemoteTestNG.java:251)
at org.testng.remote.RemoteTestNG.main(RemoteTestNG.java:77)
]]>
    </error>
  </testcase> <!-- launchbrowser -->
  <system-out/>
  <testcase name="TC2" time="0.000" classname="TestCases.Test_User_Role">
    <skipped/>
  </testcase> <!-- TC2 -->
  <system-out/>
</testsuite> <!-- TestCases.Test_User_Role -->
